<?xml version="1.0" encoding="UTF-8"?>
<!-- Generated by org.testng.reporters.JUnitReportReporter -->
<testsuite skipped="0" hostname="Deepalis-MacBook-Air.local" name="com.toolsqa.testcases.LoginPageTest" tests="1" failures="0" timestamp="2020-08-17T00:39:10 IST" time="5.931" errors="0">
  <testcase name="validateLoginPageTitle" time="5.931" classname="com.toolsqa.testcases.LoginPageTest"/>
  <system-out/>
</testsuite> <!-- com.toolsqa.testcases.LoginPageTest -->
